<?xml version="1.0" encoding="UTF-8"?>
<testng-results ignored="0" total="1" passed="1" failed="0" skipped="0">
  <reporter-output>
  </reporter-output>
  <suite started-at="2023-05-18T06:18:01Z" name="Default suite" finished-at="2023-05-18T06:18:09Z" duration-ms="7620">
    <groups>
      <group name="cucumber">
        <method signature="AbstractTestNGCucumberTests.feature(cucumber.api.testng.CucumberFeatureWrapper)[pri:0, instance:Runner.Runnerclass@432038ec]" name="feature" class="cucumber.api.testng.AbstractTestNGCucumberTests"/>
      </group> <!-- cucumber -->
    </groups>
    <test started-at="2023-05-18T06:18:01Z" name="Default test" finished-at="2023-05-18T06:18:09Z" duration-ms="7620">
      <class name="Runner.Runnerclass">
        <test-method is-config="true" signature="setUpClass()[pri:0, instance:Runner.Runnerclass@432038ec]" started-at="2023-05-18T11:48:01Z" name="setUpClass" finished-at="2023-05-18T11:48:02Z" duration-ms="213" status="PASS">
          <reporter-output>
          </reporter-output>
        </test-method> <!-- setUpClass -->
        <test-method signature="feature(cucumber.api.testng.CucumberFeatureWrapper)[pri:0, instance:Runner.Runnerclass@432038ec]" started-at="2023-05-18T11:48:02Z" name="feature" description="Runs Cucumber Feature" data-provider="features" finished-at="2023-05-18T11:48:09Z" duration-ms="7072" status="PASS">
          <params>
            <param index="0">
              <value>
                <![CDATA[Login feature file]]>
              </value>
            </param>
          </params>
          <reporter-output>
          </reporter-output>
        </test-method> <!-- feature -->
        <test-method is-config="true" signature="setup()[pri:0, instance:Runner.Runnerclass@432038ec]" started-at="2023-05-18T11:48:09Z" name="setup" finished-at="2023-05-18T11:48:09Z" duration-ms="14" status="PASS">
          <reporter-output>
          </reporter-output>
        </test-method> <!-- setup -->
        <test-method is-config="true" signature="tearDownClass()[pri:0, instance:Runner.Runnerclass@432038ec]" started-at="2023-05-18T11:48:09Z" name="tearDownClass" finished-at="2023-05-18T11:48:09Z" duration-ms="222" status="PASS">
          <reporter-output>
          </reporter-output>
        </test-method> <!-- tearDownClass -->
      </class> <!-- Runner.Runnerclass -->
    </test> <!-- Default test -->
  </suite> <!-- Default suite -->
</testng-results>
